#
# A fatal error has been detected by the Java Runtime Environment:
#
#  SIGSEGV (0xb) at pc=0x00007fcdc725bb8c, pid=25, tid=26
#
# JRE version: OpenJDK Runtime Environment 21.9 (17.0.6+10) (build 17.0.6+10)
# Java VM: OpenJDK 64-Bit Server VM 21.9 (17.0.6+10, mixed mode, sharing, tiered, compressed oops, compressed class ptrs, g1 gc, linux-amd64)
# Problematic frame:
# C  [libpango-1.0.so.0+0x2cb8c]  pango_font_map_load_fontset+0xc
#
# Core dump will be written. Default location: Core dumps may be processed with "/usr/share/apport/apport -p%p -s%s -c%c -d%d -P%P -u%u -g%g -- %E" (or dumping to /home/vinegar/Projects/fahru.me/core.25)
#
# If you would like to submit a bug report, please visit:
#   https://bugreport.java.com/bugreport/crash.jsp
# The crash happened outside the Java Virtual Machine in native code.
# See problematic frame for where to report the bug.
#

---------------  S U M M A R Y ------------

Command Line: -XX:+IgnoreUnrecognizedVMOptions -Dosgi.requiredJavaVersion=17 --add-modules=ALL-SYSTEM --add-opens=java.base/java.io=ALL-UNNAMED --add-opens=java.base/java.lang=ALL-UNNAMED --add-opens=java.base/java.lang.reflect=ALL-UNNAMED --add-opens=java.base/java.net=ALL-UNNAMED --add-opens=java.base/java.nio=ALL-UNNAMED --add-opens=java.base/java.nio.charset=ALL-UNNAMED --add-opens=java.base/java.text=ALL-UNNAMED --add-opens=java.base/java.time=ALL-UNNAMED --add-opens=java.base/java.util=ALL-UNNAMED --add-opens=java.base/java.util.concurrent=ALL-UNNAMED --add-opens=java.base/java.util.concurrent.atomic=ALL-UNNAMED --add-opens=java.base/jdk.internal.vm=ALL-UNNAMED --add-opens=java.base/sun.nio.ch=ALL-UNNAMED --add-opens=java.base/sun.security.ssl=ALL-UNNAMED --add-opens=java.base/sun.security.util=ALL-UNNAMED -Xms64m -Xmx1024m /app/dbeaver//plugins/org.eclipse.equinox.launcher_1.6.400.v20210924-0641.jar -os linux -ws gtk -arch x86_64 -showsplash -launcher /app/dbeaver/dbeaver -name Dbeaver --launcher.library /app/dbeaver//plugins/org.eclipse.equinox.launcher.gtk.linux.x86_64_1.2.700.v20221108-1024/eclipse_11801.so -startup /app/dbeaver//plugins/org.eclipse.equinox.launcher_1.6.400.v20210924-0641.jar --launcher.overrideVmargs -exitdata 3f -vm /app/jre/bin/java -vmargs -XX:+IgnoreUnrecognizedVMOptions -Dosgi.requiredJavaVersion=17 --add-modules=ALL-SYSTEM --add-opens=java.base/java.io=ALL-UNNAMED --add-opens=java.base/java.lang=ALL-UNNAMED --add-opens=java.base/java.lang.reflect=ALL-UNNAMED --add-opens=java.base/java.net=ALL-UNNAMED --add-opens=java.base/java.nio=ALL-UNNAMED --add-opens=java.base/java.nio.charset=ALL-UNNAMED --add-opens=java.base/java.text=ALL-UNNAMED --add-opens=java.base/java.time=ALL-UNNAMED --add-opens=java.base/java.util=ALL-UNNAMED --add-opens=java.base/java.util.concurrent=ALL-UNNAMED --add-opens=java.base/java.util.concurrent.atomic=ALL-UNNAMED --add-opens=java.base/jdk.internal.vm=ALL-UNNAMED --add-opens=java.base/sun.nio.ch=ALL-UNNAMED --add-opens=java.base/sun.security.ssl=ALL-UNNAMED --add-opens=java.base/sun.security.util=ALL-UNNAMED -Xms64m -Xmx1024m -jar /app/dbeaver//plugins/org.eclipse.equinox.launcher_1.6.400.v20210924-0641.jar

Host: AMD Ryzen 5 4600H with Radeon Graphics, 12 cores, 14G, GNOME 44 (Flatpak runtime)
Time: Mon May  1 22:42:02 2023 MST elapsed time: 0.708734 seconds (0d 0h 0m 0s)

---------------  T H R E A D  ---------------

Current thread (0x00007fcdf80150e0):  JavaThread "main" [_thread_in_native, id=26, stack(0x00007fcdfdd00000,0x00007fcdfde00000)]

Stack: [0x00007fcdfdd00000,0x00007fcdfde00000],  sp=0x00007fcdfddfce78,  free space=1011k
Native frames: (J=compiled Java code, j=interpreted, Vv=VM code, C=native code)
C  [libpango-1.0.so.0+0x2cb8c]  pango_font_map_load_fontset+0xc
C  [libpango-1.0.so.0+0x2ae92]  pango_context_get_metrics+0xe2
C  [libgtk-3.so.0+0x1f7e61]
C  [libgtk-3.so.0+0x1f7f68]
C  [libgtk-3.so.0+0x13d9e6]
C  [libgtk-3.so.0+0x143154]
C  [libgtk-3.so.0+0x1f866b]
C  [libgtk-3.so.0+0x2c5811]
C  [libgtk-3.so.0+0x2c5081]  gtk_widget_get_preferred_height+0x91
C  [libgtk-3.so.0+0x3963e8]
C  [libgtk-3.so.0+0x2c570a]
C  [libgtk-3.so.0+0x2c5f4e]  gtk_widget_get_preferred_height_and_baseline_for_width+0xae
C  [libgtk-3.so.0+0x2c603f]
C  [libgtk-3.so.0+0x39801e]
C  [libgtk-3.so.0+0x39cbc0]
C  [libgobject-2.0.so.0+0x18442]  g_closure_invoke+0x172
C  [libgobject-2.0.so.0+0x2c273]
C  [libgobject-2.0.so.0+0x33575]  g_signal_emit_valist+0xf95
C  [libgobject-2.0.so.0+0x33743]  g_signal_emit+0x93
C  [libgtk-3.so.0+0x38c2df]  gtk_widget_realize+0x12f
C  [libgtk-3.so.0+0x39a662]
C  [libgobject-2.0.so.0+0x18442]  g_closure_invoke+0x172
C  [libgobject-2.0.so.0+0x2c273]
C  [libgobject-2.0.so.0+0x33575]  g_signal_emit_valist+0xf95
C  [libgobject-2.0.so.0+0x33743]  g_signal_emit+0x93
C  [libgtk-3.so.0+0x385b36]  gtk_widget_show+0xa6
C  [eclipse_11801.so+0x8b66]  showSplash+0x2d4
C  [eclipse_11801.so+0x98f6]  Java_org_eclipse_equinox_launcher_JNIBridge__1show_1splash+0x60
j  org.eclipse.equinox.launcher.JNIBridge._show_splash(Ljava/lang/String;)V+0
j  org.eclipse.equinox.launcher.JNIBridge.showSplash(Ljava/lang/String;)Z+2
j  org.eclipse.equinox.launcher.Main.handleSplash([Ljava/net/URL;)V+158
j  org.eclipse.equinox.launcher.Main.basicRun([Ljava/lang/String;)V+149
j  org.eclipse.equinox.launcher.Main.run([Ljava/lang/String;)I+4
j  org.eclipse.equinox.launcher.Main.main([Ljava/lang/String;)V+10
v  ~StubRoutines::call_stub
V  [libjvm.so+0x848992]
V  [libjvm.so+0x8e674a]
V  [libjvm.so+0x8e9832]
C  [libjli.so+0x56f2]
C  [libjli.so+0x8d69]
C  [libc.so.6+0x8f1da]

Java frames: (J=compiled Java code, j=interpreted, Vv=VM code)
j  org.eclipse.equinox.launcher.JNIBridge._show_splash(Ljava/lang/String;)V+0
j  org.eclipse.equinox.launcher.JNIBridge.showSplash(Ljava/lang/String;)Z+2
j  org.eclipse.equinox.launcher.Main.handleSplash([Ljava/net/URL;)V+158
j  org.eclipse.equinox.launcher.Main.basicRun([Ljava/lang/String;)V+149
j  org.eclipse.equinox.launcher.Main.run([Ljava/lang/String;)I+4
j  org.eclipse.equinox.launcher.Main.main([Ljava/lang/String;)V+10
v  ~StubRoutines::call_stub

siginfo: si_signo: 11 (SIGSEGV), si_code: 1 (SEGV_MAPERR), si_addr: 0x00007fca04006efd

Register to memory mapping:

RAX=0x00007fca04006e65 is an unknown value
RBX=0x0 is NULL
RCX=0x00007fcdf84cc868 points into unknown readable memory: 0x0000000000006e65 | 65 6e 00 00 00 00 00 00
RDX=0x00007fcdf8345c20 points into unknown readable memory: 0x00007fcdf836c360 | 60 c3 36 f8 cd 7f 00 00
RSP=0x00007fcdfddfce78 is pointing into the stack for thread: 0x00007fcdf80150e0
RBP=0x00007fcdfddfd530 is pointing into the stack for thread: 0x00007fcdf80150e0
RSI=0x00007fcdf8421810 points into unknown readable memory: 0x00007fcdf83ba940 | 40 a9 3b f8 cd 7f 00 00
RDI=0x00007fcdf83e4910 points into unknown readable memory: 0x00007fca04006e65 | 65 6e 00 04 ca 7f 00 00
R8 =0x00007fcdf84cc868 points into unknown readable memory: 0x0000000000006e65 | 65 6e 00 00 00 00 00 00
R9 =0x0 is NULL
R10=0x00007fcdfddfd4a3 is pointing into the stack for thread: 0x00007fcdf80150e0
R11=0x00007fcdf84274d0 points into unknown readable memory: 0x00007fcdf84cc868 | 68 c8 4c f8 cd 7f 00 00
R12=0x000000000000007f is an unknown value
R13=0x00007fcdf84cc868 points into unknown readable memory: 0x0000000000006e65 | 65 6e 00 00 00 00 00 00
R14=0x00007fcdfddfcfe8 is pointing into the stack for thread: 0x00007fcdf80150e0
R15=0x0000000000000019 is an unknown value


Registers:
RAX=0x00007fca04006e65, RBX=0x0000000000000000, RCX=0x00007fcdf84cc868, RDX=0x00007fcdf8345c20
RSP=0x00007fcdfddfce78, RBP=0x00007fcdfddfd530, RSI=0x00007fcdf8421810, RDI=0x00007fcdf83e4910
R8 =0x00007fcdf84cc868, R9 =0x0000000000000000, R10=0x00007fcdfddfd4a3, R11=0x00007fcdf84274d0
R12=0x000000000000007f, R13=0x00007fcdf84cc868, R14=0x00007fcdfddfcfe8, R15=0x0000000000000019
RIP=0x00007fcdc725bb8c, EFLAGS=0x0000000000010202, CSGSFS=0x002b000000000033, ERR=0x0000000000000004
  TRAPNO=0x000000000000000e

Top of Stack: (sp=0x00007fcdfddfce78)
0x00007fcdfddfce78:   00007fcdc725338d ffffcc0000000000
0x00007fcdfddfce88:   00007fcdfddfd420 00007fcdfddfd418
0x00007fcdfddfce98:   00007fcdfddfd410 00007fcdfddfcfe8
0x00007fcdfddfcea8:   00007fcdfddfd448 0000000000000000 

Instructions: (pc=0x00007fcdc725bb8c)
0x00007fcdc725ba8c:   00 00 00 00 31 f6 48 8d 55 d4 e8 f5 fd ff ff 8b
0x00007fcdc725ba9c:   75 d4 48 8b 45 d8 64 48 2b 04 25 28 00 00 00 75
0x00007fcdc725baac:   12 48 8d 65 e8 4c 89 ef 5b 41 5c 41 5d 5d e9 01
0x00007fcdc725babc:   83 fe ff e8 5c 80 fe ff 66 66 2e 0f 1f 84 00 00
0x00007fcdc725bacc:   00 00 00 90 f3 0f 1e fa 55 48 89 e5 41 57 41 56
0x00007fcdc725badc:   48 8d 55 bc 41 55 41 54 49 89 f4 48 8d 75 c0 53
0x00007fcdc725baec:   48 83 ec 28 64 48 8b 04 25 28 00 00 00 48 89 45
0x00007fcdc725bafc:   c8 31 c0 e8 8c fd ff ff 48 63 45 bc 4c 8b 75 c0
0x00007fcdc725bb0c:   85 c0 7e 60 4d 89 f7 4d 8d 2c c6 eb 10 0f 1f 80
0x00007fcdc725bb1c:   00 00 00 00 49 83 c7 08 4d 39 ef 74 47 49 8b 1f
0x00007fcdc725bb2c:   48 89 df e8 4c 49 ff ff 4c 89 e7 48 89 c6 e8 11
0x00007fcdc725bb3c:   80 fe ff 85 c0 75 dd 4c 89 f7 e8 65 75 fe ff 48
0x00007fcdc725bb4c:   8b 45 c8 64 48 2b 04 25 28 00 00 00 75 1a 48 83
0x00007fcdc725bb5c:   c4 28 48 89 d8 5b 41 5c 41 5d 41 5e 41 5f 5d c3
0x00007fcdc725bb6c:   0f 1f 40 00 31 db eb cf e8 a7 7f fe ff 0f 1f 80
0x00007fcdc725bb7c:   00 00 00 00 f3 0f 1e fa 48 85 ff 74 0f 48 8b 07
0x00007fcdc725bb8c:   ff a0 98 00 00 00 66 0f 1f 44 00 00 55 48 8d 15
0x00007fcdc725bb9c:   32 85 02 00 48 8d 35 89 86 02 00 48 8d 3d e6 27
0x00007fcdc725bbac:   02 00 48 89 e5 e8 9a 7c fe ff 31 c0 5d c3 66 0f
0x00007fcdc725bbbc:   1f 44 00 00 f3 0f 1e fa 55 48 89 e5 41 54 53 48
0x00007fcdc725bbcc:   85 ff 74 38 48 89 fb e8 e8 f7 ff ff 4c 8b 23 48
0x00007fcdc725bbdc:   89 c6 4d 85 e4 74 06 49 39 04 24 74 0c 48 89 df
0x00007fcdc725bbec:   e8 bf 7d fe ff 85 c0 74 13 49 8b 84 24 a0 00 00
0x00007fcdc725bbfc:   00 5b 41 5c 5d c3 66 0f 1f 44 00 00 48 8d 15 1b
0x00007fcdc725bc0c:   85 02 00 48 8d 35 ea 85 02 00 48 8d 3d 77 27 02
0x00007fcdc725bc1c:   00 e8 2e 7c fe ff 5b 31 c0 41 5c 5d c3 0f 1f 80
0x00007fcdc725bc2c:   00 00 00 00 f3 0f 1e fa 55 48 89 e5 41 54 53 48
0x00007fcdc725bc3c:   85 ff 74 50 48 89 fb e8 78 f7 ff ff 4c 8b 23 48
0x00007fcdc725bc4c:   89 c6 4d 85 e4 74 06 49 39 04 24 74 0c 48 89 df
0x00007fcdc725bc5c:   e8 4f 7d fe ff 85 c0 74 2b 49 8b 84 24 a8 00 00
0x00007fcdc725bc6c:   00 48 85 c0 74 0e 48 89 df 5b 41 5c 5d ff e0 0f
0x00007fcdc725bc7c:   1f 44 00 00 5b b8 01 00 00 00 41 5c 5d c3 66 0f 


Stack slot to memory mapping:
stack at sp + 0 slots: 0x00007fcdc725338d: <offset 0x000000000002438d> in /usr/lib/x86_64-linux-gnu/libpango-1.0.so.0 at 0x00007fcdc722f000
stack at sp + 1 slots: 0xffffcc0000000000 is an unknown value
stack at sp + 2 slots: 0x00007fcdfddfd420 is pointing into the stack for thread: 0x00007fcdf80150e0
stack at sp + 3 slots: 0x00007fcdfddfd418 is pointing into the stack for thread: 0x00007fcdf80150e0
stack at sp + 4 slots: 0x00007fcdfddfd410 is pointing into the stack for thread: 0x00007fcdf80150e0
stack at sp + 5 slots: 0x00007fcdfddfcfe8 is pointing into the stack for thread: 0x00007fcdf80150e0
stack at sp + 6 slots: 0x00007fcdfddfd448 is pointing into the stack for thread: 0x00007fcdf80150e0
stack at sp + 7 slots: 0x0 is NULL


---------------  P R O C E S S  ---------------

Threads class SMR info:
_java_thread_list=0x00007fcd74002df0, length=12, elements={
0x00007fcdf80150e0, 0x00007fcdf80e06b0, 0x00007fcdf80e1a90, 0x00007fcdf80eb110,
0x00007fcdf80ec4c0, 0x00007fcdf80ed8d0, 0x00007fcdf80ef280, 0x00007fcdf80f07b0,
0x00007fcdf80f9c10, 0x00007fcdf81051b0, 0x00007fcdf814c6e0, 0x00007fcdb0001100
}

Java Threads: ( => current thread )
=>0x00007fcdf80150e0 JavaThread "main" [_thread_in_native, id=26, stack(0x00007fcdfdd00000,0x00007fcdfde00000)]
  0x00007fcdf80e06b0 JavaThread "Reference Handler" daemon [_thread_blocked, id=33, stack(0x00007fcddc7a3000,0x00007fcddc8a3000)]
  0x00007fcdf80e1a90 JavaThread "Finalizer" daemon [_thread_blocked, id=34, stack(0x00007fcddc6a3000,0x00007fcddc7a3000)]
  0x00007fcdf80eb110 JavaThread "Signal Dispatcher" daemon [_thread_blocked, id=35, stack(0x00007fcddc300000,0x00007fcddc400000)]
  0x00007fcdf80ec4c0 JavaThread "Service Thread" daemon [_thread_blocked, id=36, stack(0x00007fcddc200000,0x00007fcddc300000)]
  0x00007fcdf80ed8d0 JavaThread "Monitor Deflation Thread" daemon [_thread_blocked, id=37, stack(0x00007fcddc100000,0x00007fcddc200000)]
  0x00007fcdf80ef280 JavaThread "C2 CompilerThread0" daemon [_thread_blocked, id=38, stack(0x00007fcddc000000,0x00007fcddc100000)]
  0x00007fcdf80f07b0 JavaThread "C1 CompilerThread0" daemon [_thread_blocked, id=39, stack(0x00007fcdc7f00000,0x00007fcdc8000000)]
  0x00007fcdf80f9c10 JavaThread "Sweeper thread" daemon [_thread_blocked, id=40, stack(0x00007fcdc7e00000,0x00007fcdc7f00000)]
  0x00007fcdf81051b0 JavaThread "Common-Cleaner" daemon [_thread_blocked, id=41, stack(0x00007fcdc7d00000,0x00007fcdc7e00000)]
  0x00007fcdf814c6e0 JavaThread "Notification Thread" daemon [_thread_blocked, id=42, stack(0x00007fcdc7c00000,0x00007fcdc7d00000)]
  0x00007fcdb0001100 JavaThread "SIGINT handler" daemon [_thread_blocked, id=48, stack(0x00007fcd948fd000,0x00007fcd949fd000)]

Other Threads:
  0x00007fcdf80dc600 VMThread "VM Thread" [stack: 0x00007fcddc8a5000,0x00007fcddc9a5000] [id=32]
  0x00007fcdf80534d0 GCTaskThread "GC Thread#0" [stack: 0x00007fcdfc720000,0x00007fcdfc820000] [id=27]
  0x00007fcdf805cae0 ConcurrentGCThread "G1 Main Marker" terminated
  0x00007fcdf805da40 ConcurrentGCThread "G1 Conc#0" [stack: 0x00007fcdfc51c000,0x00007fcdfc61c000] [id=29]
  0x00007fcdf80b3fa0 ConcurrentGCThread "G1 Refine#0" terminated
  0x00007fcdf80b4e90 ConcurrentGCThread "G1 Service" terminated

Threads with active compile tasks:

VM state: at safepoint (shutting down)

VM Mutex/Monitor currently owned by a thread:  ([mutex/lock_event])
[0x00007fcdf80122e0] Threads_lock - owner thread: 0x00007fcdf80dc600
[0x00007fcdf8012a90] Heap_lock - owner thread: 0x00007fcdb0001100

Heap address: 0x00000000c0000000, size: 1024 MB, Compressed Oops mode: 32-bit

CDS archive(s) mapped at: [0x0000000800000000-0x0000000800be1000-0x0000000800be1000), size 12455936, SharedBaseAddress: 0x0000000800000000, ArchiveRelocationMode: 0.
Compressed class space mapped at: 0x0000000800c00000-0x0000000840c00000, reserved size: 1073741824
Narrow klass base: 0x0000000800000000, Narrow klass shift: 0, Narrow klass range: 0x100000000

GC Precious Log:
 CPUs: 12 total, 12 available
 Memory: 15347M
 Large Page Support: Disabled
 NUMA Support: Disabled
 Compressed Oops: Enabled (32-bit)
 Heap Region Size: 1M
 Heap Min Capacity: 64M
 Heap Initial Capacity: 64M
 Heap Max Capacity: 1G
 Pre-touch: Disabled
 Parallel Workers: 10
 Concurrent Workers: 3
 Concurrent Refinement Workers: 10
 Periodic GC: Disabled

Heap:
 garbage-first heap   total 67584K, used 6116K [0x00000000c0000000, 0x0000000100000000)
  region size 1024K, 6 young (6144K), 0 survivors (0K)
 Metaspace       used 2877K, committed 3072K, reserved 1056768K
  class space    used 277K, committed 384K, reserved 1048576K

Heap Regions: E=young(eden), S=young(survivor), O=old, HS=humongous(starts), HC=humongous(continues), CS=collection set, F=free, OA=open archive, CA=closed archive, TAMS=top-at-mark-start (previous, next)
|   0|0x00000000c0000000, 0x00000000c0000000, 0x00000000c0100000|  0%| F|  |TAMS 0x00000000c0000000, 0x00000000c0000000| Untracked 
|   1|0x00000000c0100000, 0x00000000c0100000, 0x00000000c0200000|  0%| F|  |TAMS 0x00000000c0100000, 0x00000000c0100000| Untracked 
|   2|0x00000000c0200000, 0x00000000c0200000, 0x00000000c0300000|  0%| F|  |TAMS 0x00000000c0200000, 0x00000000c0200000| Untracked 
|   3|0x00000000c0300000, 0x00000000c0300000, 0x00000000c0400000|  0%| F|  |TAMS 0x00000000c0300000, 0x00000000c0300000| Untracked 
|   4|0x00000000c0400000, 0x00000000c0400000, 0x00000000c0500000|  0%| F|  |TAMS 0x00000000c0400000, 0x00000000c0400000| Untracked 
|   5|0x00000000c0500000, 0x00000000c0500000, 0x00000000c0600000|  0%| F|  |TAMS 0x00000000c0500000, 0x00000000c0500000| Untracked 
|   6|0x00000000c0600000, 0x00000000c0600000, 0x00000000c0700000|  0%| F|  |TAMS 0x00000000c0600000, 0x00000000c0600000| Untracked 
|   7|0x00000000c0700000, 0x00000000c0700000, 0x00000000c0800000|  0%| F|  |TAMS 0x00000000c0700000, 0x00000000c0700000| Untracked 
|   8|0x00000000c0800000, 0x00000000c0800000, 0x00000000c0900000|  0%| F|  |TAMS 0x00000000c0800000, 0x00000000c0800000| Untracked 
|   9|0x00000000c0900000, 0x00000000c0900000, 0x00000000c0a00000|  0%| F|  |TAMS 0x00000000c0900000, 0x00000000c0900000| Untracked 
|  10|0x00000000c0a00000, 0x00000000c0a00000, 0x00000000c0b00000|  0%| F|  |TAMS 0x00000000c0a00000, 0x00000000c0a00000| Untracked 
|  11|0x00000000c0b00000, 0x00000000c0b00000, 0x00000000c0c00000|  0%| F|  |TAMS 0x00000000c0b00000, 0x00000000c0b00000| Untracked 
|  12|0x00000000c0c00000, 0x00000000c0c00000, 0x00000000c0d00000|  0%| F|  |TAMS 0x00000000c0c00000, 0x00000000c0c00000| Untracked 
|  13|0x00000000c0d00000, 0x00000000c0d00000, 0x00000000c0e00000|  0%| F|  |TAMS 0x00000000c0d00000, 0x00000000c0d00000| Untracked 
|  14|0x00000000c0e00000, 0x00000000c0e00000, 0x00000000c0f00000|  0%| F|  |TAMS 0x00000000c0e00000, 0x00000000c0e00000| Untracked 
|  15|0x00000000c0f00000, 0x00000000c0f00000, 0x00000000c1000000|  0%| F|  |TAMS 0x00000000c0f00000, 0x00000000c0f00000| Untracked 
|  16|0x00000000c1000000, 0x00000000c1000000, 0x00000000c1100000|  0%| F|  |TAMS 0x00000000c1000000, 0x00000000c1000000| Untracked 
|  17|0x00000000c1100000, 0x00000000c1100000, 0x00000000c1200000|  0%| F|  |TAMS 0x00000000c1100000, 0x00000000c1100000| Untracked 
|  18|0x00000000c1200000, 0x00000000c1200000, 0x00000000c1300000|  0%| F|  |TAMS 0x00000000c1200000, 0x00000000c1200000| Untracked 
|  19|0x00000000c1300000, 0x00000000c1300000, 0x00000000c1400000|  0%| F|  |TAMS 0x00000000c1300000, 0x00000000c1300000| Untracked 
|  20|0x00000000c1400000, 0x00000000c1400000, 0x00000000c1500000|  0%| F|  |TAMS 0x00000000c1400000, 0x00000000c1400000| Untracked 
|  21|0x00000000c1500000, 0x00000000c1500000, 0x00000000c1600000|  0%| F|  |TAMS 0x00000000c1500000, 0x00000000c1500000| Untracked 
|  22|0x00000000c1600000, 0x00000000c1600000, 0x00000000c1700000|  0%| F|  |TAMS 0x00000000c1600000, 0x00000000c1600000| Untracked 
|  23|0x00000000c1700000, 0x00000000c1700000, 0x00000000c1800000|  0%| F|  |TAMS 0x00000000c1700000, 0x00000000c1700000| Untracked 
|  24|0x00000000c1800000, 0x00000000c1800000, 0x00000000c1900000|  0%| F|  |TAMS 0x00000000c1800000, 0x00000000c1800000| Untracked 
|  25|0x00000000c1900000, 0x00000000c1900000, 0x00000000c1a00000|  0%| F|  |TAMS 0x00000000c1900000, 0x00000000c1900000| Untracked 
|  26|0x00000000c1a00000, 0x00000000c1a00000, 0x00000000c1b00000|  0%| F|  |TAMS 0x00000000c1a00000, 0x00000000c1a00000| Untracked 
|  27|0x00000000c1b00000, 0x00000000c1b00000, 0x00000000c1c00000|  0%| F|  |TAMS 0x00000000c1b00000, 0x00000000c1b00000| Untracked 
|  28|0x00000000c1c00000, 0x00000000c1c00000, 0x00000000c1d00000|  0%| F|  |TAMS 0x00000000c1c00000, 0x00000000c1c00000| Untracked 
|  29|0x00000000c1d00000, 0x00000000c1d00000, 0x00000000c1e00000|  0%| F|  |TAMS 0x00000000c1d00000, 0x00000000c1d00000| Untracked 
|  30|0x00000000c1e00000, 0x00000000c1e00000, 0x00000000c1f00000|  0%| F|  |TAMS 0x00000000c1e00000, 0x00000000c1e00000| Untracked 
|  31|0x00000000c1f00000, 0x00000000c1f00000, 0x00000000c2000000|  0%| F|  |TAMS 0x00000000c1f00000, 0x00000000c1f00000| Untracked 
|  32|0x00000000c2000000, 0x00000000c2000000, 0x00000000c2100000|  0%| F|  |TAMS 0x00000000c2000000, 0x00000000c2000000| Untracked 
|  33|0x00000000c2100000, 0x00000000c2100000, 0x00000000c2200000|  0%| F|  |TAMS 0x00000000c2100000, 0x00000000c2100000| Untracked 
|  34|0x00000000c2200000, 0x00000000c2200000, 0x00000000c2300000|  0%| F|  |TAMS 0x00000000c2200000, 0x00000000c2200000| Untracked 
|  35|0x00000000c2300000, 0x00000000c2300000, 0x00000000c2400000|  0%| F|  |TAMS 0x00000000c2300000, 0x00000000c2300000| Untracked 
|  36|0x00000000c2400000, 0x00000000c2400000, 0x00000000c2500000|  0%| F|  |TAMS 0x00000000c2400000, 0x00000000c2400000| Untracked 
|  37|0x00000000c2500000, 0x00000000c2500000, 0x00000000c2600000|  0%| F|  |TAMS 0x00000000c2500000, 0x00000000c2500000| Untracked 
|  38|0x00000000c2600000, 0x00000000c2600000, 0x00000000c2700000|  0%| F|  |TAMS 0x00000000c2600000, 0x00000000c2600000| Untracked 
|  39|0x00000000c2700000, 0x00000000c2700000, 0x00000000c2800000|  0%| F|  |TAMS 0x00000000c2700000, 0x00000000c2700000| Untracked 
|  40|0x00000000c2800000, 0x00000000c2800000, 0x00000000c2900000|  0%| F|  |TAMS 0x00000000c2800000, 0x00000000c2800000| Untracked 
|  41|0x00000000c2900000, 0x00000000c2900000, 0x00000000c2a00000|  0%| F|  |TAMS 0x00000000c2900000, 0x00000000c2900000| Untracked 
|  42|0x00000000c2a00000, 0x00000000c2a00000, 0x00000000c2b00000|  0%| F|  |TAMS 0x00000000c2a00000, 0x00000000c2a00000| Untracked 
|  43|0x00000000c2b00000, 0x00000000c2b00000, 0x00000000c2c00000|  0%| F|  |TAMS 0x00000000c2b00000, 0x00000000c2b00000| Untracked 
|  44|0x00000000c2c00000, 0x00000000c2c00000, 0x00000000c2d00000|  0%| F|  |TAMS 0x00000000c2c00000, 0x00000000c2c00000| Untracked 
|  45|0x00000000c2d00000, 0x00000000c2d00000, 0x00000000c2e00000|  0%| F|  |TAMS 0x00000000c2d00000, 0x00000000c2d00000| Untracked 
|  46|0x00000000c2e00000, 0x00000000c2e00000, 0x00000000c2f00000|  0%| F|  |TAMS 0x00000000c2e00000, 0x00000000c2e00000| Untracked 
|  47|0x00000000c2f00000, 0x00000000c2f00000, 0x00000000c3000000|  0%| F|  |TAMS 0x00000000c2f00000, 0x00000000c2f00000| Untracked 
|  48|0x00000000c3000000, 0x00000000c3000000, 0x00000000c3100000|  0%| F|  |TAMS 0x00000000c3000000, 0x00000000c3000000| Untracked 
|  49|0x00000000c3100000, 0x00000000c3100000, 0x00000000c3200000|  0%| F|  |TAMS 0x00000000c3100000, 0x00000000c3100000| Untracked 
|  50|0x00000000c3200000, 0x00000000c3200000, 0x00000000c3300000|  0%| F|  |TAMS 0x00000000c3200000, 0x00000000c3200000| Untracked 
|  51|0x00000000c3300000, 0x00000000c3300000, 0x00000000c3400000|  0%| F|  |TAMS 0x00000000c3300000, 0x00000000c3300000| Untracked 
|  52|0x00000000c3400000, 0x00000000c3400000, 0x00000000c3500000|  0%| F|  |TAMS 0x00000000c3400000, 0x00000000c3400000| Untracked 
|  53|0x00000000c3500000, 0x00000000c3500000, 0x00000000c3600000|  0%| F|  |TAMS 0x00000000c3500000, 0x00000000c3500000| Untracked 
|  54|0x00000000c3600000, 0x00000000c3600000, 0x00000000c3700000|  0%| F|  |TAMS 0x00000000c3600000, 0x00000000c3600000| Untracked 
|  55|0x00000000c3700000, 0x00000000c3700000, 0x00000000c3800000|  0%| F|  |TAMS 0x00000000c3700000, 0x00000000c3700000| Untracked 
|  56|0x00000000c3800000, 0x00000000c3800000, 0x00000000c3900000|  0%| F|  |TAMS 0x00000000c3800000, 0x00000000c3800000| Untracked 
|  57|0x00000000c3900000, 0x00000000c3900000, 0x00000000c3a00000|  0%| F|  |TAMS 0x00000000c3900000, 0x00000000c3900000| Untracked 
|  58|0x00000000c3a00000, 0x00000000c3a00800, 0x00000000c3b00000|  0%| E|  |TAMS 0x00000000c3a00000, 0x00000000c3a00000| Complete 
|  59|0x00000000c3b00000, 0x00000000c3c00000, 0x00000000c3c00000|100%| E|CS|TAMS 0x00000000c3b00000, 0x00000000c3b00000| Complete 
|  60|0x00000000c3c00000, 0x00000000c3d00000, 0x00000000c3d00000|100%| E|CS|TAMS 0x00000000c3c00000, 0x00000000c3c00000| Complete 
|  61|0x00000000c3d00000, 0x00000000c3e00000, 0x00000000c3e00000|100%| E|CS|TAMS 0x00000000c3d00000, 0x00000000c3d00000| Complete 
|  62|0x00000000c3e00000, 0x00000000c3f00000, 0x00000000c3f00000